Loading R/4.0.2
  Loading requirement: java/1.8.0_171-oracle
Loading required package: ape
Loading required package: cAIC4
Loading required package: lme4
Loading required package: Matrix
Loading required package: stats4
Loading required package: nlme

Attaching package: ‘nlme’

The following object is masked from ‘package:lme4’:

    lmList

Loading required package: ComplexUpset
Loading required package: cowplot
Loading required package: dendextend

---------------------
Welcome to dendextend version 1.15.2
Type citation('dendextend') for how to cite the package.

Type browseVignettes(package = 'dendextend') for the package vignette.
The github page is: https://github.com/talgalili/dendextend/

Suggestions and bug-reports can be submitted at: https://github.com/talgalili/dendextend/issues
You may ask questions at stackoverflow, use the r and dendextend tags: 
	 https://stackoverflow.com/questions/tagged/dendextend

	To suppress this message use:  suppressPackageStartupMessages(library(dendextend))
---------------------


Attaching package: ‘dendextend’

The following objects are masked from ‘package:ape’:

    ladderize, rotate

The following object is masked from ‘package:stats’:

    cutree

Loading required package: devtools
Loading required package: usethis
Loading required package: dplyr

Attaching package: ‘dplyr’

The following object is masked from ‘package:nlme’:

    collapse

The following objects are masked from ‘package:stats’:

    filter, lag

The following objects are masked from ‘package:base’:

    intersect, setdiff, setequal, union

Loading required package: emmeans

Attaching package: ‘emmeans’

The following object is masked from ‘package:devtools’:

    test

Loading required package: factoextra
Loading required package: ggplot2
Welcome! Want to learn more? See two factoextra-related books at https://goo.gl/ve3WBa
Loading required package: FactoMineR
Loading required package: forcats
Loading required package: ggeffects

Attaching package: ‘ggeffects’

The following object is masked from ‘package:cowplot’:

    get_title

Loading required package: ggpubr

Attaching package: ‘ggpubr’

The following object is masked from ‘package:dendextend’:

    rotate

The following object is masked from ‘package:cowplot’:

    get_legend

The following object is masked from ‘package:ape’:

    rotate

Loading required package: ggrepel
Loading required package: goeveg
Registered S3 method overwritten by 'vegan':
  method     from      
  rev.hclust dendextend
Welcome to the GoeVeg Package
Loading required package: ggsignif
Loading required package: ggVennDiagram
Loading required package: grid
Loading required package: gridExtra

Attaching package: ‘gridExtra’

The following object is masked from ‘package:dplyr’:

    combine

Loading required package: lmtest
Loading required package: zoo

Attaching package: ‘zoo’

The following objects are masked from ‘package:base’:

    as.Date, as.Date.numeric

Loading required package: lmerTest

Attaching package: ‘lmerTest’

The following object is masked from ‘package:lme4’:

    lmer

The following object is masked from ‘package:stats’:

    step

Loading required package: magrittr
Loading required package: MuMIn
Loading required package: missMDA
Loading required package: pheatmap
Loading required package: plyr
------------------------------------------------------------------------------
You have loaded plyr after dplyr - this is likely to cause problems.
If you need functions from both plyr and dplyr, please load plyr first, then dplyr:
library(plyr); library(dplyr)
------------------------------------------------------------------------------

Attaching package: ‘plyr’

The following object is masked from ‘package:ggpubr’:

    mutate

The following objects are masked from ‘package:dplyr’:

    arrange, count, desc, failwith, id, mutate, rename, summarise,
    summarize

Loading required package: png
Loading required package: purrr

Attaching package: ‘purrr’

The following object is masked from ‘package:plyr’:

    compact

The following object is masked from ‘package:magrittr’:

    set_names

Loading required package: qualpalr
Loading required package: RColorBrewer
Loading required package: rentrez
Loading required package: reshape2
Loading required package: sjPlot

Attaching package: ‘sjPlot’

The following objects are masked from ‘package:cowplot’:

    plot_grid, save_plot

Loading required package: slider
Loading required package: splitstackshape
Loading required package: stringr
Loading required package: tidyverse
── Attaching packages ─────────────────────────────────────── tidyverse 1.3.1 ──
✔ tibble 3.1.8     ✔ readr  2.1.2
✔ tidyr  1.2.1     
── Conflicts ────────────────────────────────────────── tidyverse_conflicts() ──
✖ plyr::arrange()      masks dplyr::arrange()
✖ dplyr::collapse()    masks nlme::collapse()
✖ gridExtra::combine() masks dplyr::combine()
✖ purrr::compact()     masks plyr::compact()
✖ plyr::count()        masks dplyr::count()
✖ tidyr::expand()      masks Matrix::expand()
✖ tidyr::extract()     masks magrittr::extract()
✖ plyr::failwith()     masks dplyr::failwith()
✖ dplyr::filter()      masks stats::filter()
✖ plyr::id()           masks dplyr::id()
✖ dplyr::lag()         masks stats::lag()
✖ plyr::mutate()       masks ggpubr::mutate(), dplyr::mutate()
✖ tidyr::pack()        masks Matrix::pack()
✖ plyr::rename()       masks dplyr::rename()
✖ purrr::set_names()   masks magrittr::set_names()
✖ plyr::summarise()    masks dplyr::summarise()
✖ plyr::summarize()    masks dplyr::summarize()
✖ tidyr::unpack()      masks Matrix::unpack()
Loading required package: UpSetR

Attaching package: ‘UpSetR’

The following object is masked from ‘package:ComplexUpset’:

    upset

Loading required package: VCA

Attaching package: ‘VCA’

The following object is masked from ‘package:emmeans’:

    lsmeans

The following objects are masked from ‘package:nlme’:

    fixef, isBalanced, ranef

The following objects are masked from ‘package:lme4’:

    fixef, getL, ranef

Loading required package: vegan
Loading required package: permute

Attaching package: ‘permute’

The following object is masked from ‘package:devtools’:

    check

The following object is masked from ‘package:dendextend’:

    shuffle

Loading required package: lattice

Attaching package: ‘lattice’

The following object is masked from ‘package:UpSetR’:

    histogram

This is vegan 2.6-4
Loading required package: VennDiagram
Loading required package: futile.logger

Attaching package: ‘VennDiagram’

The following object is masked from ‘package:ggpubr’:

    rotate

The following object is masked from ‘package:dendextend’:

    rotate

The following object is masked from ‘package:ape’:

    rotate

Loading required package: AnnotationDbi
Loading required package: BiocGenerics
Loading required package: parallel

Attaching package: ‘BiocGenerics’

The following objects are masked from ‘package:parallel’:

    clusterApply, clusterApplyLB, clusterCall, clusterEvalQ,
    clusterExport, clusterMap, parApply, parCapply, parLapply,
    parLapplyLB, parRapply, parSapply, parSapplyLB

The following object is masked from ‘package:gridExtra’:

    combine

The following objects are masked from ‘package:dplyr’:

    combine, intersect, setdiff, union

The following objects are masked from ‘package:stats’:

    IQR, mad, sd, var, xtabs

The following objects are masked from ‘package:base’:

    anyDuplicated, append, as.data.frame, basename, cbind, colnames,
    dirname, do.call, duplicated, eval, evalq, Filter, Find, get, grep,
    grepl, intersect, is.unsorted, lapply, Map, mapply, match, mget,
    order, paste, pmax, pmax.int, pmin, pmin.int, Position, rank,
    rbind, Reduce, rownames, sapply, setdiff, sort, table, tapply,
    union, unique, unsplit, which.max, which.min

Loading required package: Biobase
Welcome to Bioconductor

    Vignettes contain introductory material; view with
    'browseVignettes()'. To cite Bioconductor, see
    'citation("Biobase")', and for packages 'citation("pkgname")'.

Loading required package: IRanges
Loading required package: S4Vectors

Attaching package: ‘S4Vectors’

The following object is masked from ‘package:tidyr’:

    expand

The following object is masked from ‘package:plyr’:

    rename

The following objects are masked from ‘package:dplyr’:

    first, rename

The following object is masked from ‘package:Matrix’:

    expand

The following object is masked from ‘package:base’:

    expand.grid


Attaching package: ‘IRanges’

The following object is masked from ‘package:purrr’:

    reduce

The following object is masked from ‘package:plyr’:

    desc

The following objects are masked from ‘package:dplyr’:

    collapse, desc, slice

The following object is masked from ‘package:nlme’:

    collapse


Attaching package: ‘AnnotationDbi’

The following object is masked from ‘package:dplyr’:

    select

Loading required package: biomaRt
Loading required package: Category
Loading required package: genomation
Loading required package: GenomicFeatures
Loading required package: GenomeInfoDb
Loading required package: GenomicRanges
Loading required package: goEnrichment
Loading required package: GOstats
Loading required package: graph

Attaching package: ‘graph’

The following object is masked from ‘package:stringr’:

    boundary

The following object is masked from ‘package:plyr’:

    join

The following objects are masked from ‘package:ape’:

    complement, degree, edges



Attaching package: ‘GOstats’

The following object is masked from ‘package:AnnotationDbi’:

    makeGOGraph

Loading required package: GSEABase
Loading required package: annotate
Loading required package: XML

Attaching package: ‘XML’

The following object is masked from ‘package:graph’:

    addNode

Loading required package: methylKit

Attaching package: ‘methylKit’

The following objects are masked from ‘package:genomation’:

    getFeatsWithTargetsStats, getFlanks, getMembers,
    getTargetAnnotationStats, plotTargetAnnotation

The following object is masked from ‘package:biomaRt’:

    select

The following object is masked from ‘package:AnnotationDbi’:

    select

The following object is masked from ‘package:tidyr’:

    unite

The following object is masked from ‘package:dplyr’:

    select

The following object is masked from ‘package:nlme’:

    getData

The following object is masked from ‘package:lme4’:

    getData

The following object is masked from ‘package:ape’:

    reconstruct

Loading required package: org.Hs.eg.db
[1] "Number of raw reads:"
[1] 11.02197
[1] "+/-"
[1] 0.3834343
[1] "Mapping efficiency with BSBolt in %:"
[1] 85.62872
[1] "+/-"
[1] 0.5071476
[1] "Number of individuals considered:"
[1] 127
[1] "including parents and offspring:"

  O   P 
111  16 
Warning messages:
1: In library(package, lib.loc = lib.loc, character.only = TRUE, logical.return = TRUE,  :
  there is no package called ‘ggVennDiagram’
2: package ‘gridExtra’ was built under R version 4.0.4 
3: In library(package, lib.loc = lib.loc, character.only = TRUE, logical.return = TRUE,  :
  there is no package called ‘MuMIn’
4: In library(package, lib.loc = lib.loc, character.only = TRUE, logical.return = TRUE,  :
  there is no package called ‘org.Hs.eg.db’
Received list of locations.
Reading file.
Reading file.
Reading file.
Reading file.
Reading file.
Reading file.
Reading file.
Reading file.
Reading file.
Reading file.
Reading file.
Reading file.
Reading file.
Reading file.
Reading file.
Reading file.
Reading file.
Reading file.
Reading file.
Reading file.
Reading file.
Reading file.
Reading file.
Reading file.
Reading file.
Reading file.
Reading file.
Reading file.
Reading file.
Reading file.
Reading file.
Reading file.
Reading file.
Reading file.
Reading file.
Reading file.
Reading file.
Reading file.
Reading file.
Reading file.
Reading file.
Reading file.
Reading file.
Reading file.
Reading file.
Reading file.
Reading file.
Reading file.
Reading file.
Reading file.
Reading file.
Reading file.
Reading file.
Reading file.
Reading file.
Reading file.
Reading file.
Reading file.
Reading file.
Reading file.
Reading file.
Reading file.
Reading file.
Reading file.
Reading file.
Reading file.
Reading file.
Reading file.
Reading file.
Reading file.
Reading file.
Reading file.
Reading file.
Reading file.
Reading file.
Reading file.
Reading file.
Reading file.
Reading file.
Reading file.
Reading file.
Reading file.
Reading file.
Reading file.
Reading file.
Reading file.
Reading file.
Reading file.
Reading file.
Reading file.
Reading file.
Reading file.
Reading file.
Reading file.
Reading file.
Reading file.
Reading file.
Reading file.
Reading file.
Reading file.
Reading file.
Reading file.
Reading file.
Reading file.
Reading file.
Reading file.
Reading file.
Reading file.
Reading file.
Reading file.
Reading file.
Reading file.
Reading file.
Reading file.
Reading file.
Reading file.
Reading file.
Reading file.
Reading file.
Reading file.
Reading file.
Reading file.
Reading file.
Reading file.
Reading file.
Reading file.
Reading file.
Reading file.
Reading file.
Reading file.
Reading file.
Reading file.
Reading file.
Reading file.
Reading file.
Reading file.
Reading file.
Reading file.
Reading file.
Reading file.
Reading file.
Reading file.
Reading file.
Reading file.
[1] "Remove unwanted samples"
[1] "Filter"
[1] "Normalise"
[1] "Add CpG present in ALL individuals"
uniting...
uniting...
uniting...
[1] "nbr CpG on sex chromosome of unmapped:"
[1] "Keep CpG apart from sex chromosome XIX and unmapped (comprise Y chr)"
[1] "nbr CpG shared by all 127 samples:"
[1] "nbr CpG shared by all offsprings:"
[1] "nbr CpG shared by 50% (>27) of offsprings per sex:"
